  PTTv3.cpp
c:\users\jstemeye\desktop\pttv3\pttv3\pttv3.cpp(160): warning C4309: 'initializing': truncation of constant value
c:\users\jstemeye\desktop\pttv3\pttv3\pttv3.cpp(184): warning C4838: conversion from 'int' to 'char' requires a narrowing conversion
c:\users\jstemeye\desktop\pttv3\pttv3\pttv3.cpp(184): warning C4305: 'initializing': truncation from 'int' to 'char'
c:\users\jstemeye\desktop\pttv3\pttv3\pttv3.cpp(184): warning C4309: 'initializing': truncation of constant value
c:\users\jstemeye\desktop\pttv3\pttv3\pttv3.cpp(192): warning C4838: conversion from 'int' to 'char' requires a narrowing conversion
c:\users\jstemeye\desktop\pttv3\pttv3\pttv3.cpp(192): warning C4305: 'initializing': truncation from 'int' to 'char'
c:\users\jstemeye\desktop\pttv3\pttv3\pttv3.cpp(192): warning C4309: 'initializing': truncation of constant value
c:\users\jstemeye\desktop\pttv3\pttv3\pttv3.cpp(209): warning C4305: '=': truncation from 'int' to 'char'
c:\users\jstemeye\desktop\pttv3\pttv3\pttv3.cpp(209): warning C4309: '=': truncation of constant value
c:\users\jstemeye\desktop\pttv3\pttv3\pttv3.cpp(223): warning C4305: '=': truncation from 'int' to 'char'
c:\users\jstemeye\desktop\pttv3\pttv3\pttv3.cpp(223): warning C4309: '=': truncation of constant value
c:\users\jstemeye\desktop\pttv3\pttv3\pttv3.cpp(231): warning C4305: '=': truncation from 'int' to 'char'
c:\users\jstemeye\desktop\pttv3\pttv3\pttv3.cpp(231): warning C4309: '=': truncation of constant value
c:\users\jstemeye\desktop\pttv3\pttv3\pttv3.cpp(245): warning C4305: '=': truncation from 'int' to 'char'
c:\users\jstemeye\desktop\pttv3\pttv3\pttv3.cpp(245): warning C4309: '=': truncation of constant value
c:\users\jstemeye\desktop\pttv3\pttv3\pttv3.cpp(253): warning C4305: '=': truncation from 'int' to 'char'
c:\users\jstemeye\desktop\pttv3\pttv3\pttv3.cpp(253): warning C4309: '=': truncation of constant value
c:\users\jstemeye\desktop\pttv3\pttv3\pttv3.cpp(267): warning C4305: '=': truncation from 'int' to 'char'
c:\users\jstemeye\desktop\pttv3\pttv3\pttv3.cpp(267): warning C4309: '=': truncation of constant value
c:\users\jstemeye\desktop\pttv3\pttv3\pttv3.cpp(275): warning C4305: '=': truncation from 'int' to 'char'
c:\users\jstemeye\desktop\pttv3\pttv3\pttv3.cpp(275): warning C4309: '=': truncation of constant value
c:\users\jstemeye\desktop\pttv3\pttv3\pttv3.cpp(289): warning C4305: '=': truncation from 'int' to 'char'
c:\users\jstemeye\desktop\pttv3\pttv3\pttv3.cpp(289): warning C4309: '=': truncation of constant value
c:\users\jstemeye\desktop\pttv3\pttv3\pttv3.cpp(385): warning C4838: conversion from 'int' to 'char' requires a narrowing conversion
c:\users\jstemeye\desktop\pttv3\pttv3\pttv3.cpp(385): warning C4305: 'initializing': truncation from 'int' to 'char'
c:\users\jstemeye\desktop\pttv3\pttv3\pttv3.cpp(385): warning C4309: 'initializing': truncation of constant value
c:\users\jstemeye\desktop\pttv3\pttv3\pttv3.cpp(394): warning C4838: conversion from 'int' to 'char' requires a narrowing conversion
c:\users\jstemeye\desktop\pttv3\pttv3\pttv3.cpp(394): warning C4305: 'initializing': truncation from 'int' to 'char'
c:\users\jstemeye\desktop\pttv3\pttv3\pttv3.cpp(394): warning C4309: 'initializing': truncation of constant value
c:\users\jstemeye\desktop\pttv3\pttv3\pttv3.cpp(411): warning C4305: '=': truncation from 'int' to 'char'
c:\users\jstemeye\desktop\pttv3\pttv3\pttv3.cpp(411): warning C4309: '=': truncation of constant value
c:\users\jstemeye\desktop\pttv3\pttv3\pttv3.cpp(426): warning C4305: '=': truncation from 'int' to 'char'
c:\users\jstemeye\desktop\pttv3\pttv3\pttv3.cpp(426): warning C4309: '=': truncation of constant value
c:\users\jstemeye\desktop\pttv3\pttv3\pttv3.cpp(441): warning C4305: '=': truncation from 'int' to 'char'
c:\users\jstemeye\desktop\pttv3\pttv3\pttv3.cpp(441): warning C4309: '=': truncation of constant value
c:\users\jstemeye\desktop\pttv3\pttv3\pttv3.cpp(456): warning C4305: '=': truncation from 'int' to 'char'
c:\users\jstemeye\desktop\pttv3\pttv3\pttv3.cpp(456): warning C4309: '=': truncation of constant value
  PTTv3.vcxproj -> C:\Users\jstemeye\Desktop\PTTv3\Debug\PTTv3.exe
  PTTv3.vcxproj -> C:\Users\jstemeye\Desktop\PTTv3\Debug\PTTv3.pdb (Full PDB)
